[debug] [2022-02-07T04:19:19.829Z] ----------------------------------------------------------------------
[debug] [2022-02-07T04:19:19.830Z] Command:       C:\Program Files\nodejs\node.exe C:\Users\alfe1\AppData\Roaming\npm\node_modules\firebase-tools\lib\bin\firebase.js deploy --only hosting
[debug] [2022-02-07T04:19:19.831Z] CLI Version:   9.8.0
[debug] [2022-02-07T04:19:19.831Z] Platform:      win32
[debug] [2022-02-07T04:19:19.831Z] Node Version:  v16.13.2
[debug] [2022-02-07T04:19:19.832Z] Time:          Mon Feb 07 2022 13:19:19 GMT+0900 (日本標準時)
[debug] [2022-02-07T04:19:19.832Z] ----------------------------------------------------------------------
[debug] 
[debug] [2022-02-07T04:19:19.835Z] >>> [apiv2][query] GET https://firebase-public.firebaseio.com/cli.json [none]
[debug] [2022-02-07T04:19:19.857Z] > command requires scopes: ["email","openid","https://www.googleapis.com/auth/cloudplatformprojects.readonly","https://www.googleapis.com/auth/firebase","https://www.googleapis.com/auth/cloud-platform"]
[debug] [2022-02-07T04:19:19.857Z] > authorizing via signed-in user
[debug] [2022-02-07T04:19:19.857Z] [iam] checking project vrc-techbooks for permissions ["firebase.projects.get","firebasehosting.sites.update"]
[debug] [2022-02-07T04:19:19.859Z] > refreshing access token with scopes: ["email","https://www.googleapis.com/auth/cloud-platform","https://www.googleapis.com/auth/cloudplatformprojects.readonly","https://www.googleapis.com/auth/firebase","openid"]
[debug] [2022-02-07T04:19:19.859Z] >>> HTTP REQUEST POST https://www.googleapis.com/oauth2/v3/token  
 <request body omitted>
[debug] [2022-02-07T04:19:19.981Z] <<< HTTP RESPONSE 200 {"cache-control":"no-cache, no-store, max-age=0, must-revalidate","pragma":"no-cache","date":"Mon, 07 Feb 2022 04:19:20 GMT","expires":"Mon, 01 Jan 1990 00:00:00 GMT","content-type":"application/json; charset=utf-8","vary":"X-Origin, Referer, Origin,Accept-Encoding","server":"scaffolding on HTTPServer2","x-xss-protection":"0","x-frame-options":"SAMEORIGIN","x-content-type-options":"nosniff","alt-svc":"h3=\":443\"; ma=2592000,h3-29=\":443\"; ma=2592000,h3-Q050=\":443\"; ma=2592000,h3-Q046=\":443\"; ma=2592000,h3-Q043=\":443\"; ma=2592000,quic=\":443\"; ma=2592000; v=\"46,43\"","accept-ranges":"none","transfer-encoding":"chunked"}
[debug] [2022-02-07T04:19:19.987Z] >>> HTTP REQUEST POST https://cloudresourcemanager.googleapis.com/v1/projects/vrc-techbooks:testIamPermissions  
 {"permissions":["firebase.projects.get","firebasehosting.sites.update"]}
[debug] [2022-02-07T04:19:20.330Z] <<< [apiv2][status] GET https://firebase-public.firebaseio.com/cli.json 200
[debug] [2022-02-07T04:19:20.330Z] <<< [apiv2][body] GET https://firebase-public.firebaseio.com/cli.json {"cloudBuildErrorAfter":1594252800000,"cloudBuildWarnAfter":1590019200000,"defaultNode10After":1594252800000,"minVersion":"3.0.5","node8DeploysDisabledAfter":1613390400000,"node8RuntimeDisabledAfter":1615809600000,"node8WarnAfter":1600128000000}
[debug] [2022-02-07T04:19:20.696Z] <<< HTTP RESPONSE 200 {"content-type":"application/json; charset=UTF-8","vary":"X-Origin, Referer, Origin,Accept-Encoding","date":"Mon, 07 Feb 2022 04:19:20 GMT","server":"ESF","cache-control":"private","x-xss-protection":"0","x-frame-options":"SAMEORIGIN","x-content-type-options":"nosniff","server-timing":"gfet4t7; dur=582","alt-svc":"h3=\":443\"; ma=2592000,h3-29=\":443\"; ma=2592000,h3-Q050=\":443\"; ma=2592000,h3-Q046=\":443\"; ma=2592000,h3-Q043=\":443\"; ma=2592000,quic=\":443\"; ma=2592000; v=\"46,43\"","accept-ranges":"none","transfer-encoding":"chunked"}
[debug] [2022-02-07T04:19:20.697Z] > refreshing access token with scopes: []
[debug] [2022-02-07T04:19:20.697Z] >>> HTTP REQUEST POST https://www.googleapis.com/oauth2/v3/token  
 <request body omitted>
[debug] [2022-02-07T04:19:20.798Z] <<< HTTP RESPONSE 200 {"date":"Mon, 07 Feb 2022 04:19:20 GMT","expires":"Mon, 01 Jan 1990 00:00:00 GMT","cache-control":"no-cache, no-store, max-age=0, must-revalidate","pragma":"no-cache","content-type":"application/json; charset=utf-8","vary":"X-Origin, Referer, Origin,Accept-Encoding","server":"scaffolding on HTTPServer2","x-xss-protection":"0","x-frame-options":"SAMEORIGIN","x-content-type-options":"nosniff","alt-svc":"h3=\":443\"; ma=2592000,h3-29=\":443\"; ma=2592000,h3-Q050=\":443\"; ma=2592000,h3-Q046=\":443\"; ma=2592000,h3-Q043=\":443\"; ma=2592000,quic=\":443\"; ma=2592000; v=\"46,43\"","accept-ranges":"none","transfer-encoding":"chunked"}
[debug] [2022-02-07T04:19:20.809Z] >>> [apiv2][query] GET https://firebase.googleapis.com/v1beta1/projects/vrc-techbooks [none]
[debug] [2022-02-07T04:19:21.099Z] <<< [apiv2][status] GET https://firebase.googleapis.com/v1beta1/projects/vrc-techbooks 200
[debug] [2022-02-07T04:19:21.099Z] <<< [apiv2][body] GET https://firebase.googleapis.com/v1beta1/projects/vrc-techbooks {"projectId":"vrc-techbooks","projectNumber":"466411290494","displayName":"vrc-techbooks","name":"projects/vrc-techbooks","resources":{"hostingSite":"vrc-techbooks","realtimeDatabaseInstance":"vrc-techbooks","storageBucket":"vrc-techbooks.appspot.com","locationId":"us-central"},"state":"ACTIVE"}
[info] 
[info] === Deploying to 'vrc-techbooks'...
[info] 
[info] i  deploying hosting 
[debug] [2022-02-07T04:19:21.104Z] > refreshing access token with scopes: ["email","https://www.googleapis.com/auth/cloud-platform","https://www.googleapis.com/auth/cloudplatformprojects.readonly","https://www.googleapis.com/auth/firebase","openid"]
[debug] [2022-02-07T04:19:21.104Z] >>> HTTP REQUEST POST https://www.googleapis.com/oauth2/v3/token  
 <request body omitted>
[debug] [2022-02-07T04:19:21.201Z] <<< HTTP RESPONSE 200 {"pragma":"no-cache","expires":"Mon, 01 Jan 1990 00:00:00 GMT","cache-control":"no-cache, no-store, max-age=0, must-revalidate","date":"Mon, 07 Feb 2022 04:19:21 GMT","content-type":"application/json; charset=utf-8","vary":"X-Origin, Referer, Origin,Accept-Encoding","server":"scaffolding on HTTPServer2","x-xss-protection":"0","x-frame-options":"SAMEORIGIN","x-content-type-options":"nosniff","alt-svc":"h3=\":443\"; ma=2592000,h3-29=\":443\"; ma=2592000,h3-Q050=\":443\"; ma=2592000,h3-Q046=\":443\"; ma=2592000,h3-Q043=\":443\"; ma=2592000,quic=\":443\"; ma=2592000; v=\"46,43\"","accept-ranges":"none","transfer-encoding":"chunked"}
[debug] [2022-02-07T04:19:21.204Z] >>> HTTP REQUEST POST https://firebasehosting.googleapis.com/v1beta1/sites/vrc-techbooks/versions  
 {"config":{"rewrites":[{"glob":"**","path":"/index.html"}]},"labels":{"deployment-tool":"cli-firebase"}}
